[     433ms] [LOG] [Fast Refresh] rebuilding @ webpack-internal:///(app-pages-browser)/./node_modules/next/dist/next-devtools/shared/forward-logs-shared.js:27
[    3638ms] [WARNING] [Fast Refresh] performing full reload

Fast Refresh will perform a full reload when you edit a file that's imported by modules outside of the React rendering tree.
You might have a file which exports a React component but also exports a value that is imported by a non-React component file.
Consider migrating the non-React component export to a separate file and importing it into both files.

It is also possible the parent component of the component you edited is a class component, which disables Fast Refresh.
Fast Refresh requires at least one parent function component in your React tree. @ webpack-internal:///(app-pages-browser)/./node_modules/next/dist/next-devtools/shared/forward-logs-shared.js:27
[    4747ms] [ERROR] Failed to load resource: the server responded with a status of 500 () @ https://putovanja.bigblue.rs/CustomError.aspx:0
[    4939ms] [ERROR] Failed to load resource: the server responded with a status of 500 () @ https://putovanja.bigblue.rs/CustomError.aspx:0
[    4940ms] [ERROR] Failed to load resource: the server responded with a status of 400 (Bad Request) @ https://www.clarity.ms/tag/u7y0wk9qdm:0
[    5159ms] Invalid or unexpected token
[    5541ms] [ERROR] Failed to load resource: the server responded with a status of 400 (Bad Request) @ https://www.clarity.ms/tag/srivir87qm:0
[    8168ms] [WARNING] [Meta pixel] 657863114945334 is unavailable on this website due to it's traffic permission settings. Go to https://www.facebook.com/business/help/572690630080597 to learn more. @ https://connect.facebook.net/en_US/fbevents.js:181
[    8530ms] [WARNING] Non-Latin lexicon code detected: PREPORUČUJEMO. Not adding to local storage. @ https://putovanja.bigblue.rs/themes/DefaultSanTSG/js/general.js?v=7593:53
[    8531ms] [WARNING] Non-Latin lexicon code detected: HOTEL NA PLAŽI. Not adding to local storage. @ https://putovanja.bigblue.rs/themes/DefaultSanTSG/js/general.js?v=7593:53
[    8531ms] [WARNING] Non-Latin lexicon code detected: KLEOPATRINA PLAŽA. Not adding to local storage. @ https://putovanja.bigblue.rs/themes/DefaultSanTSG/js/general.js?v=7593:53
[    8531ms] [WARNING] Non-Latin lexicon code detected: ODLIČNO OCENJEN OD STRANE NAŠIH PUTNIKA. Not adding to local storage. @ https://putovanja.bigblue.rs/themes/DefaultSanTSG/js/general.js?v=7593:53
[    8531ms] [WARNING] Non-Latin lexicon code detected: GRATIS LEŽALJKE I SUNCOBRANI. Not adding to local storage. @ https://putovanja.bigblue.rs/themes/DefaultSanTSG/js/general.js?v=7593:53
[    8531ms] [WARNING] Non-Latin lexicon code detected: BESPLATAN SMEŠTAJ ZA DVOJE DECE U HOTELU. Not adding to local storage. @ https://putovanja.bigblue.rs/themes/DefaultSanTSG/js/general.js?v=7593:53
[    8532ms] [WARNING] Non-Latin lexicon code detected: NA ŠETALIŠTU. Not adding to local storage. @ https://putovanja.bigblue.rs/themes/DefaultSanTSG/js/general.js?v=7593:53
[    8532ms] [WARNING] Non-Latin lexicon code detected: PORODIČAN HOTEL. Not adding to local storage. @ https://putovanja.bigblue.rs/themes/DefaultSanTSG/js/general.js?v=7593:53
[    8533ms] [WARNING] Non-Latin lexicon code detected: PREPORUČUJEMO. Not adding to local storage. @ https://putovanja.bigblue.rs/themes/DefaultSanTSG/js/general.js?v=7593:53
[    8533ms] [WARNING] Non-Latin lexicon code detected: HOTEL NA PLAŽI. Not adding to local storage. @ https://putovanja.bigblue.rs/themes/DefaultSanTSG/js/general.js?v=7593:53
[    8534ms] [WARNING] Non-Latin lexicon code detected: KLEOPATRINA PLAŽA. Not adding to local storage. @ https://putovanja.bigblue.rs/themes/DefaultSanTSG/js/general.js?v=7593:53
[    8534ms] [WARNING] Non-Latin lexicon code detected: ODLIČNO OCENJEN OD STRANE NAŠIH PUTNIKA. Not adding to local storage. @ https://putovanja.bigblue.rs/themes/DefaultSanTSG/js/general.js?v=7593:53
[    8534ms] [WARNING] Non-Latin lexicon code detected: GRATIS LEŽALJKE I SUNCOBRANI. Not adding to local storage. @ https://putovanja.bigblue.rs/themes/DefaultSanTSG/js/general.js?v=7593:53
[    8534ms] [WARNING] Non-Latin lexicon code detected: BESPLATAN SMEŠTAJ ZA DVOJE DECE U HOTELU. Not adding to local storage. @ https://putovanja.bigblue.rs/themes/DefaultSanTSG/js/general.js?v=7593:53
[    8535ms] [WARNING] Non-Latin lexicon code detected: NA ŠETALIŠTU. Not adding to local storage. @ https://putovanja.bigblue.rs/themes/DefaultSanTSG/js/general.js?v=7593:53
[    8535ms] [WARNING] Non-Latin lexicon code detected: PORODIČAN HOTEL. Not adding to local storage. @ https://putovanja.bigblue.rs/themes/DefaultSanTSG/js/general.js?v=7593:53
[    8535ms] [WARNING] Non-Latin lexicon code detected: PREVOZ DO PLAŽE. Not adding to local storage. @ https://putovanja.bigblue.rs/themes/DefaultSanTSG/js/general.js?v=7593:53
[    8536ms] [WARNING] Non-Latin lexicon code detected: EKONOMIČAN HOTEL. Not adding to local storage. @ https://putovanja.bigblue.rs/themes/DefaultSanTSG/js/general.js?v=7593:53
[   15688ms] [ERROR] Failed to load resource: the server responded with a status of 404 (Not Found) @ http://localhost:3010/home-swiper/20251120_155602.jpg:0
[   15695ms] [ERROR] Failed to load resource: the server responded with a status of 404 (Not Found) @ http://localhost:3010/home-swiper/20251120_160325.jpg:0
[   17879ms] [INFO] %cDownload the React DevTools for a better development experience: https://react.dev/link/react-devtools font-weight:bold @ webpack-internal:///(app-pages-browser)/./node_modules/next/dist/next-devtools/shared/forward-logs-shared.js:27
[   18638ms] [LOG] [HMR] connected @ webpack-internal:///(app-pages-browser)/./node_modules/next/dist/next-devtools/shared/forward-logs-shared.js:27
[   18745ms] [ERROR] Can't perform a React state update on a component that hasn't mounted yet. This indicates that you have a side-effect in your render function that asynchronously tries to update the component. Move this work to useEffect instead. @ webpack-internal:///(app-pages-browser)/./node_modules/next/dist/next-devtools/userspace/app/errors/intercept-console-error.js:51
[   18762ms] [LOG] [Fast Refresh] rebuilding @ webpack-internal:///(app-pages-browser)/./node_modules/next/dist/next-devtools/shared/forward-logs-shared.js:27
